  Inventory.cpp
E:\Study_Algorithm\개발일지\c,c++,c# 기초\c++\12. Dynamic Memory Allocation\Project1\Project2\Inventory.h(18,15): error C2061: 구문 오류: 식별자 'Item'
E:\Study_Algorithm\개발일지\c,c++,c# 기초\c++\12. Dynamic Memory Allocation\Project1\Project2\Inventory.h(19,18): error C2061: 구문 오류: 식별자 'Item'
E:\Study_Algorithm\개발일지\c,c++,c# 기초\c++\12. Dynamic Memory Allocation\Project1\Project2\Inventory.h(20,6): error C2143: 구문 오류: ';'이(가) '*' 앞에 없습니다.
E:\Study_Algorithm\개발일지\c,c++,c# 기초\c++\12. Dynamic Memory Allocation\Project1\Project2\Inventory.h(20,6): error C4430: 형식 지정자가 없습니다. int로 가정합니다. 참고: C++에서는 기본 int를 지원하지 않습니다.
E:\Study_Algorithm\개발일지\c,c++,c# 기초\c++\12. Dynamic Memory Allocation\Project1\Project2\Inventory.h(20,31): error C2238: ';' 앞에 예기치 않은 토큰이 있습니다.
E:\Study_Algorithm\개발일지\c,c++,c# 기초\c++\12. Dynamic Memory Allocation\Project1\Project2\Inventory.h(30,19): error C2061: 구문 오류: 식별자 'Item'
E:\Study_Algorithm\개발일지\c,c++,c# 기초\c++\12. Dynamic Memory Allocation\Project1\Project2\Inventory.h(33,6): error C2143: 구문 오류: ';'이(가) '*' 앞에 없습니다.
E:\Study_Algorithm\개발일지\c,c++,c# 기초\c++\12. Dynamic Memory Allocation\Project1\Project2\Inventory.h(33,6): error C4430: 형식 지정자가 없습니다. int로 가정합니다. 참고: C++에서는 기본 int를 지원하지 않습니다.
E:\Study_Algorithm\개발일지\c,c++,c# 기초\c++\12. Dynamic Memory Allocation\Project1\Project2\Inventory.h(33,24): error C2238: ';' 앞에 예기치 않은 토큰이 있습니다.
E:\Study_Algorithm\개발일지\c,c++,c# 기초\c++\12. Dynamic Memory Allocation\Project1\Project2\Inventory.cpp(9,3): error C2065: '_items': 선언되지 않은 식별자입니다.
E:\Study_Algorithm\개발일지\c,c++,c# 기초\c++\12. Dynamic Memory Allocation\Project1\Project2\Inventory.cpp(19,29): error C2761: 'bool Inventory::AddItem(void)': 멤버를 재선언할 수 없습니다.
E:\Study_Algorithm\개발일지\c,c++,c# 기초\c++\12. Dynamic Memory Allocation\Project1\Project2\Inventory.cpp(19,25): error C2065: 'Item': 선언되지 않은 식별자입니다.
E:\Study_Algorithm\개발일지\c,c++,c# 기초\c++\12. Dynamic Memory Allocation\Project1\Project2\Inventory.cpp(19,31): error C2065: 'item': 선언되지 않은 식별자입니다.
E:\Study_Algorithm\개발일지\c,c++,c# 기초\c++\12. Dynamic Memory Allocation\Project1\Project2\Inventory.cpp(20,1): error C2143: 구문 오류: ';'이(가) '{' 앞에 없습니다.
E:\Study_Algorithm\개발일지\c,c++,c# 기초\c++\12. Dynamic Memory Allocation\Project1\Project2\Inventory.cpp(21,2): error C2059: 구문 오류: 'if'
E:\Study_Algorithm\개발일지\c,c++,c# 기초\c++\12. Dynamic Memory Allocation\Project1\Project2\Inventory.cpp(21,23): error C2143: 구문 오류: ';'이(가) '{' 앞에 없습니다.
E:\Study_Algorithm\개발일지\c,c++,c# 기초\c++\12. Dynamic Memory Allocation\Project1\Project2\Inventory.cpp(21,23): error C2447: '{': 함수 헤더가 없습니다. 이전 스타일의 형식 목록입니까?
E:\Study_Algorithm\개발일지\c,c++,c# 기초\c++\12. Dynamic Memory Allocation\Project1\Project2\Inventory.cpp(24,18): error C3861: 'FindEmptySlot': 식별자를 찾을 수 없습니다.
E:\Study_Algorithm\개발일지\c,c++,c# 기초\c++\12. Dynamic Memory Allocation\Project1\Project2\Inventory.cpp(25,2): error C2059: 구문 오류: 'if'
E:\Study_Algorithm\개발일지\c,c++,c# 기초\c++\12. Dynamic Memory Allocation\Project1\Project2\Inventory.cpp(25,21): error C2143: 구문 오류: ';'이(가) '{' 앞에 없습니다.
E:\Study_Algorithm\개발일지\c,c++,c# 기초\c++\12. Dynamic Memory Allocation\Project1\Project2\Inventory.cpp(25,21): error C2447: '{': 함수 헤더가 없습니다. 이전 스타일의 형식 목록입니까?
E:\Study_Algorithm\개발일지\c,c++,c# 기초\c++\12. Dynamic Memory Allocation\Project1\Project2\Inventory.cpp(27,9): error C2131: 식이 상수로 계산되지 않았습니다.
E:\Study_Algorithm\개발일지\c,c++,c# 기초\c++\12. Dynamic Memory Allocation\Project1\Project2\Inventory.cpp(27,9): message : 비상수 인수 또는 비상수 기호를 참조하여 실패했습니다.
E:\Study_Algorithm\개발일지\c,c++,c# 기초\c++\12. Dynamic Memory Allocation\Project1\Project2\Inventory.cpp(27,9): message : 'emptySlot' 사용량 참조
E:\Study_Algorithm\개발일지\c,c++,c# 기초\c++\12. Dynamic Memory Allocation\Project1\Project2\Inventory.cpp(27,22): error C4430: 형식 지정자가 없습니다. int로 가정합니다. 참고: C++에서는 기본 int를 지원하지 않습니다.
E:\Study_Algorithm\개발일지\c,c++,c# 기초\c++\12. Dynamic Memory Allocation\Project1\Project2\Inventory.cpp(27,22): error C2065: 'item': 선언되지 않은 식별자입니다.
E:\Study_Algorithm\개발일지\c,c++,c# 기초\c++\12. Dynamic Memory Allocation\Project1\Project2\Inventory.cpp(28,13): error C2143: 구문 오류: ';'이(가) '++' 앞에 없습니다.
E:\Study_Algorithm\개발일지\c,c++,c# 기초\c++\12. Dynamic Memory Allocation\Project1\Project2\Inventory.cpp(28,13): error C4430: 형식 지정자가 없습니다. int로 가정합니다. 참고: C++에서는 기본 int를 지원하지 않습니다.
E:\Study_Algorithm\개발일지\c,c++,c# 기초\c++\12. Dynamic Memory Allocation\Project1\Project2\Inventory.cpp(28,13): error C2059: 구문 오류: '++'
E:\Study_Algorithm\개발일지\c,c++,c# 기초\c++\12. Dynamic Memory Allocation\Project1\Project2\Inventory.cpp(29,2): error C2059: 구문 오류: 'return'
E:\Study_Algorithm\개발일지\c,c++,c# 기초\c++\12. Dynamic Memory Allocation\Project1\Project2\Inventory.cpp(30,1): error C2059: 구문 오류: '}'
E:\Study_Algorithm\개발일지\c,c++,c# 기초\c++\12. Dynamic Memory Allocation\Project1\Project2\Inventory.cpp(30,1): error C2143: 구문 오류: ';'이(가) '}' 앞에 없습니다.
E:\Study_Algorithm\개발일지\c,c++,c# 기초\c++\12. Dynamic Memory Allocation\Project1\Project2\Inventory.cpp(33,1): error C2143: 구문 오류: ';'이(가) '{' 앞에 없습니다.
E:\Study_Algorithm\개발일지\c,c++,c# 기초\c++\12. Dynamic Memory Allocation\Project1\Project2\Inventory.cpp(33,1): error C2447: '{': 함수 헤더가 없습니다. 이전 스타일의 형식 목록입니까?
E:\Study_Algorithm\개발일지\c,c++,c# 기초\c++\12. Dynamic Memory Allocation\Project1\Project2\Inventory.cpp(46,5): error C2143: 구문 오류: ';'이(가) '*' 앞에 없습니다.
E:\Study_Algorithm\개발일지\c,c++,c# 기초\c++\12. Dynamic Memory Allocation\Project1\Project2\Inventory.cpp(46,5): error C4430: 형식 지정자가 없습니다. int로 가정합니다. 참고: C++에서는 기본 int를 지원하지 않습니다.
E:\Study_Algorithm\개발일지\c,c++,c# 기초\c++\12. Dynamic Memory Allocation\Project1\Project2\Inventory.cpp(46,18): error C2039: 'GetItemAtSlot': 'Inventory'의 멤버가 아닙니다.
E:\Study_Algorithm\개발일지\c,c++,c# 기초\c++\12. Dynamic Memory Allocation\Project1\Project2\Inventory.h(12,7): message : 'Inventory' 선언을 참조하십시오.
E:\Study_Algorithm\개발일지\c,c++,c# 기초\c++\12. Dynamic Memory Allocation\Project1\Project2\Inventory.cpp(47,1): error C4430: 형식 지정자가 없습니다. int로 가정합니다. 참고: C++에서는 기본 int를 지원하지 않습니다.
E:\Study_Algorithm\개발일지\c,c++,c# 기초\c++\12. Dynamic Memory Allocation\Project1\Project2\Inventory.cpp(47,1): error C2059: 구문 오류: '{'
E:\Study_Algorithm\개발일지\c,c++,c# 기초\c++\12. Dynamic Memory Allocation\Project1\Project2\Inventory.cpp(47,1): error C2143: 구문 오류: ';'이(가) '{' 앞에 없습니다.
E:\Study_Algorithm\개발일지\c,c++,c# 기초\c++\12. Dynamic Memory Allocation\Project1\Project2\Inventory.cpp(47,1): error C2447: '{': 함수 헤더가 없습니다. 이전 스타일의 형식 목록입니까?
E:\Study_Algorithm\개발일지\c,c++,c# 기초\c++\12. Dynamic Memory Allocation\Project1\Project2\Inventory.cpp(60,20): warning C4156: 'delete' 배열 형식을 사용하지 않고 배열 식을 삭제했습니다. 배열 형식이 대체됩니다.
E:\Study_Algorithm\개발일지\c,c++,c# 기초\c++\12. Dynamic Memory Allocation\Project1\Project2\Inventory.cpp(60,20): warning C4154: 배열 식을 삭제했습니다. 포인터로 변환이 제공됩니다.
E:\Study_Algorithm\개발일지\c,c++,c# 기초\c++\12. Dynamic Memory Allocation\Project1\Project2\Inventory.cpp(61,14): error C3863: 배열 형식 'int [emptySlot]'은(는) 할당할 수 없습니다.
E:\Study_Algorithm\개발일지\c,c++,c# 기초\c++\12. Dynamic Memory Allocation\Project1\Project2\Inventory.cpp(84,33): error C2761: 'int Inventory::FindItemSlot(void)': 멤버를 재선언할 수 없습니다.
E:\Study_Algorithm\개발일지\c,c++,c# 기초\c++\12. Dynamic Memory Allocation\Project1\Project2\Inventory.cpp(84,35): error C2065: 'item': 선언되지 않은 식별자입니다.
E:\Study_Algorithm\개발일지\c,c++,c# 기초\c++\12. Dynamic Memory Allocation\Project1\Project2\Inventory.cpp(85,1): error C2143: 구문 오류: ';'이(가) '{' 앞에 없습니다.
E:\Study_Algorithm\개발일지\c,c++,c# 기초\c++\12. Dynamic Memory Allocation\Project1\Project2\Inventory.cpp(86,2): error C2059: 구문 오류: 'for'
E:\Study_Algorithm\개발일지\c,c++,c# 기초\c++\12. Dynamic Memory Allocation\Project1\Project2\Inventory.cpp(86,2): error C2143: 구문 오류: ')'이(가) ';' 앞에 없습니다.
E:\Study_Algorithm\개발일지\c,c++,c# 기초\c++\12. Dynamic Memory Allocation\Project1\Project2\Inventory.cpp(86,20): error C2143: 구문 오류: ';'이(가) '<' 앞에 없습니다.
E:\Study_Algorithm\개발일지\c,c++,c# 기초\c++\12. Dynamic Memory Allocation\Project1\Project2\Inventory.cpp(86,20): error C4430: 형식 지정자가 없습니다. int로 가정합니다. 참고: C++에서는 기본 int를 지원하지 않습니다.
E:\Study_Algorithm\개발일지\c,c++,c# 기초\c++\12. Dynamic Memory Allocation\Project1\Project2\Inventory.cpp(86,20): error C2059: 구문 오류: '<'
E:\Study_Algorithm\개발일지\c,c++,c# 기초\c++\12. Dynamic Memory Allocation\Project1\Project2\Inventory.cpp(86,33): error C2143: 구문 오류: ';'이(가) '++' 앞에 없습니다.
E:\Study_Algorithm\개발일지\c,c++,c# 기초\c++\12. Dynamic Memory Allocation\Project1\Project2\Inventory.cpp(86,33): error C4430: 형식 지정자가 없습니다. int로 가정합니다. 참고: C++에서는 기본 int를 지원하지 않습니다.
E:\Study_Algorithm\개발일지\c,c++,c# 기초\c++\12. Dynamic Memory Allocation\Project1\Project2\Inventory.cpp(86,32): error C2086: 'int i': 재정의
E:\Study_Algorithm\개발일지\c,c++,c# 기초\c++\12. Dynamic Memory Allocation\Project1\Project2\Inventory.cpp(86,18): message : 'i' 선언을 참조하십시오.
E:\Study_Algorithm\개발일지\c,c++,c# 기초\c++\12. Dynamic Memory Allocation\Project1\Project2\Inventory.cpp(86,33): error C2059: 구문 오류: '++'
E:\Study_Algorithm\개발일지\c,c++,c# 기초\c++\12. Dynamic Memory Allocation\Project1\Project2\Inventory.cpp(86,35): error C2059: 구문 오류: ')'
E:\Study_Algorithm\개발일지\c,c++,c# 기초\c++\12. Dynamic Memory Allocation\Project1\Project2\Inventory.cpp(87,2): error C2143: 구문 오류: ';'이(가) '{' 앞에 없습니다.
E:\Study_Algorithm\개발일지\c,c++,c# 기초\c++\12. Dynamic Memory Allocation\Project1\Project2\Inventory.cpp(87,2): error C2447: '{': 함수 헤더가 없습니다. 이전 스타일의 형식 목록입니까?
E:\Study_Algorithm\개발일지\c,c++,c# 기초\c++\12. Dynamic Memory Allocation\Project1\Project2\Inventory.cpp(90,2): error C2059: 구문 오류: 'return'
E:\Study_Algorithm\개발일지\c,c++,c# 기초\c++\12. Dynamic Memory Allocation\Project1\Project2\Inventory.cpp(91,1): error C2059: 구문 오류: '}'
E:\Study_Algorithm\개발일지\c,c++,c# 기초\c++\12. Dynamic Memory Allocation\Project1\Project2\Inventory.cpp(91,1): error C2143: 구문 오류: ';'이(가) '}' 앞에 없습니다.
  RPGgame.cpp
  코드를 생성하고 있습니다...
