e:\study_algorithm\개발일지\c,c++,c# 기초\c++\14. datastructure\project1\project1\x64\debug\vc143.pdb
e:\study_algorithm\개발일지\c,c++,c# 기초\c++\14. datastructure\project1\project1\x64\debug\vc143.idb
e:\study_algorithm\개발일지\c,c++,c# 기초\c++\14. datastructure\project1\project1\x64\debug\template.obj
e:\study_algorithm\개발일지\c,c++,c# 기초\c++\14. datastructure\project1\project1\x64\debug\stack_and_q.obj
e:\study_algorithm\개발일지\c,c++,c# 기초\c++\14. datastructure\project1\project1\x64\debug\stack_and_queue.obj
e:\study_algorithm\개발일지\c,c++,c# 기초\c++\14. datastructure\project1\project1\x64\debug\recursive_function.obj
e:\study_algorithm\개발일지\c,c++,c# 기초\c++\14. datastructure\project1\project1\x64\debug\tree.obj
e:\study_algorithm\개발일지\c,c++,c# 기초\c++\14. datastructure\project1\project1\x64\debug\priority_queue.obj
e:\study_algorithm\개발일지\c,c++,c# 기초\c++\14. datastructure\project1\project1\x64\debug\graph.obj
e:\study_algorithm\개발일지\c,c++,c# 기초\c++\14. datastructure\project1\project1\x64\debug\gamecoding.obj
f:\study_algorithm\개발일지\c,c++,c# 기초\c++\14. datastructure\project1\project1\x64\debug\vc143.pdb
f:\study_algorithm\개발일지\c,c++,c# 기초\c++\14. datastructure\project1\project1\x64\debug\vc143.idb
f:\study_algorithm\개발일지\c,c++,c# 기초\c++\14. datastructure\project1\project1\x64\debug\vector.obj
f:\study_algorithm\개발일지\c,c++,c# 기초\c++\14. datastructure\project1\project1\x64\debug\tree.obj
f:\study_algorithm\개발일지\c,c++,c# 기초\c++\14. datastructure\project1\project1\x64\debug\template.obj
f:\study_algorithm\개발일지\c,c++,c# 기초\c++\14. datastructure\project1\project1\x64\debug\stl.obj
f:\study_algorithm\개발일지\c,c++,c# 기초\c++\14. datastructure\project1\project1\x64\debug\stack_and_queue.obj
f:\study_algorithm\개발일지\c,c++,c# 기초\c++\14. datastructure\project1\project1\x64\debug\recursive_function.obj
f:\study_algorithm\개발일지\c,c++,c# 기초\c++\14. datastructure\project1\project1\x64\debug\priority_queue.obj
f:\study_algorithm\개발일지\c,c++,c# 기초\c++\14. datastructure\project1\project1\x64\debug\graph.obj
f:\study_algorithm\개발일지\c,c++,c# 기초\c++\14. datastructure\project1\project1\x64\debug\gamecoding.obj
f:\study_algorithm\개발일지\c,c++,c# 기초\c++\14. datastructure\project1\project1\x64\debug\func_ptr_and_functor.obj
e:\study_algorithm\개발일지\c,c++,c# 기초\c++\14. datastructure\project1\x64\debug\project1.exe
e:\study_algorithm\개발일지\c,c++,c# 기초\c++\14. datastructure\project1\project1\x64\debug\project1.ilk
e:\study_algorithm\개발일지\c,c++,c# 기초\c++\14. datastructure\project1\x64\debug\project1.pdb
f:\study_algorithm\개발일지\c,c++,c# 기초\c++\14. datastructure\project1\project1\x64\debug\templete.obj
f:\study_algorithm\개발일지\c,c++,c# 기초\c++\14. datastructure\project1\project1\x64\debug\stack_and_q.obj
f:\study_algorithm\개발일지\c,c++,c# 기초\c++\14. datastructure\project1\x64\debug\project1.pdb
f:\study_algorithm\개발일지\c,c++,c# 기초\c++\14. datastructure\project1\project1\x64\debug\project1.tlog\cl.command.1.tlog
f:\study_algorithm\개발일지\c,c++,c# 기초\c++\14. datastructure\project1\project1\x64\debug\project1.tlog\cl.read.1.tlog
f:\study_algorithm\개발일지\c,c++,c# 기초\c++\14. datastructure\project1\project1\x64\debug\project1.tlog\cl.write.1.tlog
f:\study_algorithm\개발일지\c,c++,c# 기초\c++\14. datastructure\project1\project1\x64\debug\project1.tlog\link.command.1.tlog
f:\study_algorithm\개발일지\c,c++,c# 기초\c++\14. datastructure\project1\project1\x64\debug\project1.tlog\link.read.1.tlog
f:\study_algorithm\개발일지\c,c++,c# 기초\c++\14. datastructure\project1\project1\x64\debug\project1.tlog\link.write.1.tlog
f:\study_algorithm\개발일지\c,c++,c# 기초\c++\14. datastructure\project1\project1\x64\debug\project1.tlog\link-rc.read.1.tlog
f:\study_algorithm\개발일지\c,c++,c# 기초\c++\14. datastructure\project1\project1\x64\debug\project1.tlog\link-rc.write.1.tlog
f:\study_algorithm\개발일지\c,c++,c# 기초\c++\14. datastructure\project1\project1\x64\debug\project1.tlog\link-cvtres.read.1.tlog
f:\study_algorithm\개발일지\c,c++,c# 기초\c++\14. datastructure\project1\project1\x64\debug\project1.tlog\link-cvtres.write.1.tlog
f:\study_algorithm\개발일지\c,c++,c# 기초\c++\14. datastructure\project1\project1\x64\debug\project1.tlog\link.read.2.tlog
